<?xml version="1.0" encoding="UTF-8"?>
<testng-results skipped="0" failed="0" total="1" passed="1">
  <reporter-output>
  </reporter-output>
  <suite name="Suite" duration-ms="10" started-at="2019-10-19T14:23:58Z" finished-at="2019-10-19T14:23:58Z">
    <groups>
    </groups>
    <test name="Test" duration-ms="10" started-at="2019-10-19T14:23:58Z" finished-at="2019-10-19T14:23:58Z">
      <class name="com.seleniumautomation.selenium.maventest">
        <test-method status="PASS" signature="testmaven()" name="testmaven" duration-ms="5" started-at="2019-10-19T14:23:58Z" finished-at="2019-10-19T14:23:58Z">
        </test-method>
      </class>
    </test>
  </suite>
</testng-results>
